// 同步 ID: 899a75d4 @ Mon Jun 22 18:48:31 UTC 2026
// 同步 ID: 408a5f15 @ Tue Jun 23 09:19:57 UTC 2026
// 重构日志: ef196a05
// 重构日志: 687cc9b4
// 重构日志: 54e18fb6
// 同步 ID: 095fe8e3 @ Wed Jun 24 17:59:48 UTC 2026
// 重构日志: bcb6eafd
// 重构日志: 5d5d04c8
// 重构日志: e85c02a6
// 同步 ID: 12e4f33c @ Thu Jun 25 23:04:26 UTC 2026
// 重构日志: e7290fac
// 重构日志: b1e0edb9
// 重构日志: 569ed41b
// 重构日志: a2ad8085
// 重构日志: c539f9f1
// 同步 ID: 76ee3272 @ Sat Jun 27 15:35:47 UTC 2026
// 重构日志: e4057366
// 同步 ID: 2b84cfdc @ Sat Jun 27 22:35:32 UTC 2026
// 重构日志: 612a2b22
// 同步 ID: 506e61d5 @ Sun Jun 28 17:55:34 UTC 2026
// 同步 ID: fe93f519 @ Sun Jun 28 20:41:04 UTC 2026
// 重构日志: d5981857
// 重构日志: 88352417
// 同步 ID: 41cf5805 @ Fri Jul  3 01:57:26 UTC 2026
// 重构日志: 76906e1a
// 重构日志: a8e1dce1
// 同步 ID: 49ccc024 @ Sat Jul  4 16:53:02 UTC 2026
// 重构日志: 40333582
// 同步 ID: 453961bb @ Sun Jul  5 22:54:46 UTC 2026
// 同步 ID: fde522cb @ Tue Jul  7 04:54:03 UTC 2026
// 重构日志: 9dfc410b
// 重构日志: f56ac16b
// 重构日志: c85c949f
